<?xml version="1.0" encoding="UTF-8"?>
<!-- Generated by org.testng.reporters.JUnitXMLReporter -->
<testsuite hostname="DBC-000490" ignored="0" name="Surefire test" tests="1" failures="1" timestamp="02 out 2020 20:29:17 GMT" time="0.025" errors="0">
  <testcase name="@BeforeClass setUpClass" time="0.009" classname="cucumber.api.testng.AbstractTestNGCucumberTests">
    <failure type="java.lang.NoClassDefFoundError" message="cucumber.runtime.io.ResourceLoader">
      <![CDATA[java.lang.NoClassDefFoundError: cucumber.runtime.io.ResourceLoader
at cucumber.api.testng.AbstractTestNGCucumberTests.setUpClass(AbstractTestNGCucumberTests.java:16)
Caused by: java.lang.ClassNotFoundException: cucumber.runtime.io.ResourceLoader
at java.net.URLClassLoader.findClass(URLClassLoader.java:591)
at java.lang.ClassLoader.loadClassHelper(ClassLoader.java:953)
at java.lang.ClassLoader.loadClass(ClassLoader.java:898)
at sun.misc.Launcher$AppClassLoader.loadClass(Launcher.java:352)
at java.lang.ClassLoader.loadClass(ClassLoader.java:881)
... 32 more
... Removed 31 stack frames]]>
    </failure>
  </testcase> <!-- @BeforeClass setUpClass -->
  <testcase name="runScenario" time="0.0" classname="cucumber.api.testng.AbstractTestNGCucumberTests">
    <failure type="org.testng.TestNGException" message="
Method public void cucumber.api.testng.AbstractTestNGCucumberTests.runScenario(cucumber.api.testng.PickleEventWrapper,cucumber.api.testng.CucumberFeatureWrapper) throws java.lang.Throwable requires a @DataProvider named : scenarios">
      <![CDATA[org.testng.TestNGException: 
Method public void cucumber.api.testng.AbstractTestNGCucumberTests.runScenario(cucumber.api.testng.PickleEventWrapper,cucumber.api.testng.CucumberFeatureWrapper) throws java.lang.Throwable requires a @DataProvider named : scenarios
... Removed 27 stack frames]]>
    </failure>
  </testcase> <!-- runScenario -->
</testsuite> <!-- Surefire test -->
