<?xml version="1.0" encoding="UTF-8"?>
<testsuite xmlns:xsi="http://www.w3.org/2001/XMLSchema-instance" xsi:noNamespaceSchemaLocation="https://maven.apache.org/surefire/maven-surefire-plugin/xsd/surefire-test-report.xsd" name="TestSuite" time="0.278" tests="2" errors="0" skipped="0" failures="2">
  <properties>
[...]
</properties>
  <testcase name="setUpClass" classname="in.reqres.endpoints.executar.RunCucumberTest" time="0.142">
    <failure message="cucumber.runtime.io.ResourceLoader" type="java.lang.NoClassDefFoundError">java.lang.NoClassDefFoundError: cucumber.runtime.io.ResourceLoader
Caused by: java.lang.ClassNotFoundException: cucumber.runtime.io.ResourceLoader
</failure>
  </testcase>
  <testcase name="runScenario" classname="in.reqres.endpoints.executar.RunCucumberTest" time="0.165">
    <failure message="&#10;Method public void cucumber.api.testng.AbstractTestNGCucumberTests.runScenario(cucumber.api.testng.PickleEventWrapper,cucumber.api.testng.CucumberFeatureWrapper) throws java.lang.Throwable requires a @DataProvider named : scenarios" type="org.testng.TestNGException">org.testng.TestNGException: 

Method public void cucumber.api.testng.AbstractTestNGCucumberTests.runScenario(cucumber.api.testng.PickleEventWrapper,cucumber.api.testng.CucumberFeatureWrapper) throws java.lang.Throwable requires a @DataProvider named : scenarios
</failure>
    <system-err><![CDATA[[Utils] [ERROR] [Error] org.testng.TestNGException: 
Method public void cucumber.api.testng.AbstractTestNGCucumberTests.runScenario(cucumber.api.testng.PickleEventWrapper,cucumber.api.testng.CucumberFeatureWrapper) throws java.lang.Throwable requires a @DataProvider named : scenarios
	at org.testng.internal.Parameters.findDataProvider(Parameters.java:513)
	at org.testng.internal.Parameters.handleParameters(Parameters.java:691)
	at org.testng.internal.ParameterHandler.handleParameters(ParameterHandler.java:49)
	at org.testng.internal.ParameterHandler.createParameters(ParameterHandler.java:37)
	at org.testng.internal.Invoker.invokeTestMethods(Invoker.java:924)
	at org.testng.internal.TestMethodWorker.invokeTestMethods(TestMethodWorker.java:125)
	at org.testng.internal.TestMethodWorker.run(TestMethodWorker.java:109)
	at org.testng.TestRunner.privateRun(TestRunner.java:648)
	at org.testng.TestRunner.run(TestRunner.java:505)
	at org.testng.SuiteRunner.runTest(SuiteRunner.java:455)
	at org.testng.SuiteRunner.runSequentially(SuiteRunner.java:450)
	at org.testng.SuiteRunner.privateRun(SuiteRunner.java:415)
	at org.testng.SuiteRunner.run(SuiteRunner.java:364)
	at org.testng.SuiteRunnerWorker.runSuite(SuiteRunnerWorker.java:52)
	at org.testng.SuiteRunnerWorker.run(SuiteRunnerWorker.java:84)
	at org.testng.TestNG.runSuitesSequentially(TestNG.java:1208)
	at org.testng.TestNG.runSuitesLocally(TestNG.java:1137)
	at org.testng.TestNG.runSuites(TestNG.java:1049)
	at org.testng.TestNG.run(TestNG.java:1017)
	at org.apache.maven.surefire.testng.TestNGExecutor.run(TestNGExecutor.java:135)
	at org.apache.maven.surefire.testng.TestNGDirectoryTestSuite.executeMulti(TestNGDirectoryTestSuite.java:193)
	at org.apache.maven.surefire.testng.TestNGDirectoryTestSuite.execute(TestNGDirectoryTestSuite.java:94)
	at org.apache.maven.surefire.testng.TestNGProvider.invoke(TestNGProvider.java:146)
	at org.apache.maven.surefire.booter.ForkedBooter.invokeProviderInSameClassLoader(ForkedBooter.java:384)
	at org.apache.maven.surefire.booter.ForkedBooter.runSuitesInProcess(ForkedBooter.java:345)
	at org.apache.maven.surefire.booter.ForkedBooter.execute(ForkedBooter.java:126)
	at org.apache.maven.surefire.booter.ForkedBooter.main(ForkedBooter.java:418)

]]></system-err>
  </testcase>
</testsuite>